{
  "stats": {
    "suites": 2,
    "tests": 2,
    "passes": 2,
    "pending": 0,
    "failures": 0,
    "testsRegistered": 2,
    "passPercent": 100,
    "pendingPercent": 0,
    "other": 0,
    "hasOther": false,
    "skipped": 0,
    "hasSkipped": false,
    "start": "2024-10-08T13:56:08.684Z",
    "end": "2024-10-08T13:56:12.925Z",
    "duration": 4241
  },
  "results": [
    {
      "uuid": "157d3942-ece0-4acb-833b-1bc57d040b38",
      "title": "",
      "fullFile": "cypress\\e2e\\trelloTests.js",
      "file": "cypress\\e2e\\trelloTests.js",
      "beforeHooks": [],
      "afterHooks": [],
      "tests": [],
      "suites": [
        {
          "uuid": "22c4606d-2f2c-4a84-a3e2-b450b6e1d250",
          "title": "Demo Trello Tests",
          "fullFile": "cypress\\e2e\\trelloTests.js",
          "file": "cypress\\e2e\\trelloTests.js",
          "beforeHooks": [],
          "afterHooks": [],
          "tests": [
            {
              "title": "Demo test",
              "fullTitle": "Demo Trello Tests Demo test",
              "timedOut": null,
              "duration": 22,
              "state": "passed",
              "speed": "fast",
              "pass": true,
              "fail": false,
              "pending": false,
              "context": null,
              "code": "// TODO: Create test",
              "err": {},
              "uuid": "50c590ed-c64b-4893-9d9b-1e4030e77db1",
              "parentUUID": "22c4606d-2f2c-4a84-a3e2-b450b6e1d250",
              "isHook": false,
              "skipped": false
            }
          ],
          "suites": [],
          "passes": [
            "50c590ed-c64b-4893-9d9b-1e4030e77db1"
          ],
          "failures": [],
          "pending": [],
          "skipped": [],
          "duration": 22,
          "root": false,
          "rootEmpty": false,
          "_timeout": 2000
        }
      ],
      "passes": [],
      "failures": [],
      "pending": [],
      "skipped": [],
      "duration": 0,
      "root": true,
      "rootEmpty": true,
      "_timeout": 2000
    },
    {
      "uuid": "3f90f7ab-71d1-49da-9935-d363531d4611",
      "title": "",
      "fullFile": "cypress\\e2e\\demoApiTests.js",
      "file": "cypress\\e2e\\demoApiTests.js",
      "beforeHooks": [],
      "afterHooks": [],
      "tests": [],
      "suites": [
        {
          "uuid": "5e30eaae-3903-4714-967c-f45843bcc51e",
          "title": "breweries list",
          "fullFile": "cypress\\e2e\\demoApiTests.js",
          "file": "cypress\\e2e\\demoApiTests.js",
          "beforeHooks": [],
          "afterHooks": [],
          "tests": [],
          "suites": [
            {
              "uuid": "5d2979a4-0368-46d9-b7f6-7db72ea60ff2",
              "title": "breweries list context",
              "fullFile": "",
              "file": "",
              "beforeHooks": [],
              "afterHooks": [],
              "tests": [
                {
                  "title": "Log breweries list",
                  "fullTitle": "breweries list breweries list context Log breweries list",
                  "timedOut": null,
                  "duration": 189,
                  "state": "passed",
                  "speed": "fast",
                  "pass": true,
                  "fail": false,
                  "pending": false,
                  "context": null,
                  "code": "cy.fixture('example').then(obj => {\n  cy.request({\n    url: obj.apiEndpoint,\n    method: 'GET',\n    headers: {},\n    body: {},\n    redirect: true\n  }).then(res => {\n    if (expect(res.status).to.be.equal(200)) {\n      console.log(res);\n    }\n  });\n});",
                  "err": {},
                  "uuid": "678aed8e-9fc4-43a8-b8df-e7a8d5c5f7ff",
                  "parentUUID": "5d2979a4-0368-46d9-b7f6-7db72ea60ff2",
                  "isHook": false,
                  "skipped": false
                }
              ],
              "suites": [],
              "passes": [
                "678aed8e-9fc4-43a8-b8df-e7a8d5c5f7ff"
              ],
              "failures": [],
              "pending": [],
              "skipped": [],
              "duration": 189,
              "root": false,
              "rootEmpty": false,
              "_timeout": 2000
            }
          ],
          "passes": [],
          "failures": [],
          "pending": [],
          "skipped": [],
          "duration": 0,
          "root": false,
          "rootEmpty": false,
          "_timeout": 2000
        }
      ],
      "passes": [],
      "failures": [],
      "pending": [],
      "skipped": [],
      "duration": 0,
      "root": true,
      "rootEmpty": true,
      "_timeout": 2000
    }
  ],
  "meta": {
    "mocha": {
      "version": "7.0.1"
    },
    "mochawesome": {
      "options": {
        "quiet": false,
        "reportFilename": "mochawesome",
        "saveHtml": false,
        "saveJson": true,
        "consoleReporter": "spec",
        "useInlineDiffs": false,
        "code": true
      },
      "version": "7.1.3"
    },
    "marge": {
      "options": {
        "charts": true,
        "reportDir": "cypress\\results\\reports\\.jsons",
        "reportPageTitle": "custom-title",
        "embeddedScreenshots": true,
        "inlineAssets": true,
        "saveAllAttempts": true,
        "saveHtml": true,
        "saveJson": true,
        "overwrite": false,
        "html": false,
        "json": true
      },
      "version": "6.2.0"
    }
  }
}